sample.interval=20000
".External" "f" "doTryCatch" "tryCatchOne" "tryCatchList" "tryCatch" "withCallingHandlers" ".rs.callAs" "Rprof" 
"getExportedValue" "::" "doTryCatch" "tryCatchOne" "tryCatchList" "tryCatch" "base::try" "print.default" "print" "print.data.frame" "print" 
"gc" "microbenchmark" 
"gc" "microbenchmark" 
"gc" "microbenchmark" 
"as.matrix" "solve.default" "solve" "lmBootOptimized" ".Call" "microbenchmark" 
"solve" "lmBootOptimized" ".Call" "microbenchmark" 
"sample" "lmBootOptimized" ".Call" "microbenchmark" 
"t" "lmBootOptimized" ".Call" "microbenchmark" 
"all" "[.data.frame" "[" "lmBoot" ".Call" "microbenchmark" 
"sys.call" "%in%" "[[.data.frame" "[[" "[.data.frame" "[" "na.omit.data.frame" "na.omit" ".External2" "model.frame.default" "stats::model.frame" "eval" "eval" "lm" "lmBoot" ".Call" "microbenchmark" 
"sys.call" "%in%" "[.data.frame" "[" "lmBoot" ".Call" "microbenchmark" 
"lm" "lmBoot" ".Call" "microbenchmark" 
"%in%" ".deparseOpts" "deparse" "paste" "FUN" "vapply" "model.matrix.default" "model.matrix" "lm" "lmBoot" ".Call" "microbenchmark" 
"is.data.frame" "terms.formula" "terms" "model.frame.default" "stats::model.frame" "eval" "eval" "lm" "lmBoot" ".Call" "microbenchmark" 
"sys.call" "%in%" "[[.data.frame" "[[" "model.frame.default" "stats::model.frame" "eval" "eval" "lm" "lmBoot" ".Call" "microbenchmark" 
"lm" "lmBoot" ".Call" "microbenchmark" 
"terms.formula" "terms" "model.frame.default" "stats::model.frame" "eval" "eval" "lm" "lmBoot" ".Call" "microbenchmark" 
".deparseOpts" "deparse" "paste" "FUN" "vapply" ".getXlevels" "lm" "lmBoot" ".Call" "microbenchmark" 
"vapply" "model.matrix.default" "model.matrix" "lm" "lmBoot" ".Call" "microbenchmark" 
"[[.data.frame" "[[" "[.data.frame" "[" "lmBoot" ".Call" "microbenchmark" 
"paste" "FUN" "vapply" ".getXlevels" "lm" "lmBoot" ".Call" "microbenchmark" 
"eval" "lm" "lmBoot" ".Call" "microbenchmark" 
".deparseOpts" "deparse" "paste" "FUN" "vapply" "model.frame.default" "stats::model.frame" "eval" "eval" "lm" "lmBoot" ".Call" "microbenchmark" 
"[[" "[.data.frame" "[" "na.omit.data.frame" "na.omit" ".External2" "model.frame.default" "stats::model.frame" "eval" "eval" "lm" "lmBoot" ".Call" "microbenchmark" 
"eval" "eval" "lm" "lmBoot" ".Call" "microbenchmark" 
"model.matrix.default" "model.matrix" "lm" "lmBoot" ".Call" "microbenchmark" 
"eval" "model.frame.default" "stats::model.frame" "eval" "eval" "lm" "lmBoot" ".Call" "microbenchmark" 
".External2" "model.matrix.default" "model.matrix" "lm" "lmBoot" ".Call" "microbenchmark" 
"terms" "model.matrix.default" "model.matrix" "lm" "lmBoot" ".Call" "microbenchmark" 
"vapply" ".getXlevels" "lm" "lmBoot" ".Call" "microbenchmark" 
"$<-" "lm" "lmBoot" ".Call" "microbenchmark" 
"%in%" ".deparseOpts" "deparse" "paste" "FUN" "vapply" ".getXlevels" "lm" "lmBoot" ".Call" "microbenchmark" 
"%in%" ".deparseOpts" "deparse" "paste" "FUN" "vapply" ".getXlevels" "lm" "lmBoot" ".Call" "microbenchmark" 
"sys.call" "%in%" "[[.data.frame" "[[" "model.frame.default" "stats::model.frame" "eval" "eval" "lm" "lmBoot" ".Call" "microbenchmark" 
"as.matrix" "solve.default" "solve" "lmBootOptimized" ".Call" "microbenchmark" 
"sample.int" "sample" "[.data.frame" "[" "lmBoot" ".Call" "microbenchmark" 
"vapply" "model.matrix.default" "model.matrix" "lm" "lmBoot" ".Call" "microbenchmark" 
"model.matrix" "lm" "lmBoot" ".Call" "microbenchmark" 
"[.data.frame" "[" "lapply" ".getXlevels" "lm" "lmBoot" ".Call" "microbenchmark" 
"model.offset" "as.vector" "lm" "lmBoot" ".Call" "microbenchmark" 
"makepredictcall.default" "makepredictcall" "model.frame.default" "stats::model.frame" "eval" "eval" "lm" "lmBoot" ".Call" "microbenchmark" 
"getOption" "model.frame.default" "stats::model.frame" "eval" "eval" "lm" "lmBoot" ".Call" "microbenchmark" 
"terms" "model.matrix.default" "model.matrix" "lm" "lmBoot" ".Call" "microbenchmark" 
"anyDuplicated" "[.data.frame" "[" "lmBoot" ".Call" "microbenchmark" 
".External" "terms.formula" "terms" "model.frame.default" "stats::model.frame" "eval" "eval" "lm" "lmBoot" ".Call" "microbenchmark" 
"[.data.frame" "[" "na.omit.data.frame" "na.omit" ".External2" "model.frame.default" "stats::model.frame" "eval" "eval" "lm" "lmBoot" ".Call" "microbenchmark" 
"lmBoot" ".Call" "microbenchmark" 
"%in%" "[[.data.frame" "[[" "na.omit.data.frame" "na.omit" ".External2" "model.frame.default" "stats::model.frame" "eval" "eval" "lm" "lmBoot" ".Call" "microbenchmark" 
"makepredictcall.default" "makepredictcall" "model.frame.default" "stats::model.frame" "eval" "eval" "lm" "lmBoot" ".Call" "microbenchmark" 
"FUN" "vapply" "model.frame.default" "stats::model.frame" "eval" "eval" "lm" "lmBoot" ".Call" "microbenchmark" 
"anyDuplicated" "[.data.frame" "[" "lmBoot" ".Call" "microbenchmark" 
".External2" "model.matrix.default" "model.matrix" "lm" "lmBoot" ".Call" "microbenchmark" 
"anyDuplicated" "[.data.frame" "[" "lapply" ".getXlevels" "lm" "lmBoot" ".Call" "microbenchmark" 
"lm" "lmBoot" ".Call" "microbenchmark" 
"%in%" "[[.data.frame" "[[" "model.frame.default" "stats::model.frame" "eval" "eval" "lm" "lmBoot" ".Call" "microbenchmark" 
"paste" "FUN" "vapply" "model.matrix.default" "model.matrix" "lm" "lmBoot" ".Call" "microbenchmark" 
"parent.frame" "eval" "lm" "lmBoot" ".Call" "microbenchmark" 
"make.unique" "[.data.frame" "[" "lmBoot" ".Call" "microbenchmark" 
"make.unique" "[.data.frame" "[" "lmBoot" ".Call" "microbenchmark" 
"sys.call" "%in%" "[.data.frame" "[" "lmBoot" ".Call" "microbenchmark" 
"pmatch" ".deparseOpts" "deparse" "paste" "FUN" "vapply" "model.frame.default" "stats::model.frame" "eval" "eval" "lm" "lmBoot" ".Call" "microbenchmark" 
"vapply" "model.matrix.default" "model.matrix" "lm" "lmBoot" ".Call" "microbenchmark" 
"lm" "lmBoot" ".Call" "microbenchmark" 
"t" "lmBootOptimized" ".Call" "microbenchmark" 
"t" "lmBootOptimized" ".Call" "microbenchmark" 
"solve" "lmBootOptimized" ".Call" "microbenchmark" 
"sample.int" "sample" "[.data.frame" "[" "lmBoot" ".Call" "microbenchmark" 
"[[" "[.data.frame" "[" "lmBoot" ".Call" "microbenchmark" 
"pmatch" ".deparseOpts" "deparse" "paste" "FUN" "vapply" "model.frame.default" "stats::model.frame" "eval" "eval" "lm" "lmBoot" ".Call" "microbenchmark" 
"terms" "model.matrix.default" "model.matrix" "lm" "lmBoot" ".Call" "microbenchmark" 
"length" "length" "dim.data.frame" "dim" "dim" "nrow" "sample.int" "sample" "[.data.frame" "[" "lmBoot" ".Call" "microbenchmark" 
"$<-" "lm" "lmBoot" ".Call" "microbenchmark" 
"paste" "FUN" "vapply" "model.frame.default" "stats::model.frame" "eval" "eval" "lm" "lmBoot" ".Call" "microbenchmark" 
"names" "names" "[.data.frame" "[" "na.omit.data.frame" "na.omit" ".External2" "model.frame.default" "stats::model.frame" "eval" "eval" "lm" "lmBoot" ".Call" "microbenchmark" 
"rbind" "lmBoot" ".Call" "microbenchmark" 
"model.frame.default" "stats::model.frame" "eval" "eval" "lm" "lmBoot" ".Call" "microbenchmark" 
"model.matrix.default" "model.matrix" "lm" "lmBoot" ".Call" "microbenchmark" 
"[[" "[.data.frame" "[" "lmBoot" ".Call" "microbenchmark" 
".External2" "model.matrix.default" "model.matrix" "lm" "lmBoot" ".Call" "microbenchmark" 
".deparseOpts" "deparse" "paste" "FUN" "vapply" "model.matrix.default" "model.matrix" "lm" "lmBoot" ".Call" "microbenchmark" 
"lm" "lmBoot" ".Call" "microbenchmark" 
"deparse" "paste" "FUN" "vapply" "model.matrix.default" "model.matrix" "lm" "lmBoot" ".Call" "microbenchmark" 
"%in%" "[[.data.frame" "[[" "$.data.frame" "$" "model.weights" "as.vector" "lm" "lmBoot" ".Call" "microbenchmark" 
".deparseOpts" "deparse" "paste" "FUN" "vapply" "model.matrix.default" "model.matrix" "lm" "lmBoot" ".Call" "microbenchmark" 
"terms" "is.empty.model" "lm" "lmBoot" ".Call" "microbenchmark" 
".External" "terms.formula" "terms" "model.frame.default" "stats::model.frame" "eval" "eval" "lm" "lmBoot" ".Call" "microbenchmark" 
"$" "coef.default" "coef" "matrix" "rbind" "lmBoot" ".Call" "microbenchmark" 
"dim.data.frame" "dim" "dim" "nrow" "sample.int" "sample" "[.data.frame" "[" "lmBoot" ".Call" "microbenchmark" 
"paste" "FUN" "vapply" ".getXlevels" "lm" "lmBoot" ".Call" "microbenchmark" 
"t" "lmBootOptimized" ".Call" "microbenchmark" 
"t" "lmBootOptimized" ".Call" "microbenchmark" 
"t" "solve" "lmBootOptimized" ".Call" "microbenchmark" 
"%*%" "solve" "lmBootOptimized" ".Call" "microbenchmark" 
"is.matrix" "as.matrix.default" "as.matrix" "solve.default" "solve" "lmBootOptimized" ".Call" "microbenchmark" 
"lmBootOptimized" ".Call" "microbenchmark" 
"sample" "lmBootOptimized" ".Call" "microbenchmark" 
"[.data.frame" "[" "na.omit.data.frame" "na.omit" ".External2" "model.frame.default" "stats::model.frame" "eval" "eval" "lm" "lmBoot" ".Call" "microbenchmark" 
"anyDuplicated" "[.data.frame" "[" "na.omit.data.frame" "na.omit" ".External2" "model.frame.default" "stats::model.frame" "eval" "eval" "lm" "lmBoot" ".Call" "microbenchmark" 
"names" "names" "model.matrix.default" "model.matrix" "lm" "lmBoot" ".Call" "microbenchmark" 
"coef.default" "coef" "matrix" "rbind" "lmBoot" ".Call" "microbenchmark" 
"deparse" "paste" "FUN" "vapply" "model.frame.default" "stats::model.frame" "eval" "eval" "lm" "lmBoot" ".Call" "microbenchmark" 
"anyDuplicated.default" "anyDuplicated" "[.data.frame" "[" "na.omit.data.frame" "na.omit" ".External2" "model.frame.default" "stats::model.frame" "eval" "eval" "lm" "lmBoot" ".Call" "microbenchmark" 
"c" "lm.fit" "lm" "lmBoot" ".Call" "microbenchmark" 
"[.data.frame" "[" "na.omit.data.frame" "na.omit" ".External2" "model.frame.default" "stats::model.frame" "eval" "eval" "lm" "lmBoot" ".Call" "microbenchmark" 
"$" "model.weights" "as.vector" "lm" "lmBoot" ".Call" "microbenchmark" 
"model.matrix.default" "model.matrix" "lm" "lmBoot" ".Call" "microbenchmark" 
"as.list" "vapply" "model.matrix.default" "model.matrix" "lm" "lmBoot" ".Call" "microbenchmark" 
"lm" "lmBoot" ".Call" "microbenchmark" 
"[.data.frame" "[" "lapply" ".getXlevels" "lm" "lmBoot" ".Call" "microbenchmark" 
"vapply" "model.matrix.default" "model.matrix" "lm" "lmBoot" ".Call" "microbenchmark" 
"is.factor" "model.frame.default" "stats::model.frame" "eval" "eval" "lm" "lmBoot" ".Call" "microbenchmark" 
"lm" "lmBoot" ".Call" "microbenchmark" 
"model.frame.default" "stats::model.frame" "eval" "eval" "lm" "lmBoot" ".Call" "microbenchmark" 
"model.frame.default" "stats::model.frame" "eval" "eval" "lm" "lmBoot" ".Call" "microbenchmark" 
"<Anonymous>" "[[.data.frame" "[[" "model.matrix.default" "model.matrix" "lm" "lmBoot" ".Call" "microbenchmark" 
"pmatch" ".deparseOpts" "deparse" "paste" "FUN" "vapply" "model.frame.default" "stats::model.frame" "eval" "eval" "lm" "lmBoot" ".Call" "microbenchmark" 
"as.list.default" "as.list" "vapply" "model.frame.default" "stats::model.frame" "eval" "eval" "lm" "lmBoot" ".Call" "microbenchmark" 
"lmBoot" ".Call" "microbenchmark" 
"lm" "lmBoot" ".Call" "microbenchmark" 
"as.list" "vapply" ".getXlevels" "lm" "lmBoot" ".Call" "microbenchmark" 
"length" "length" "model.matrix.default" "model.matrix" "lm" "lmBoot" ".Call" "microbenchmark" 
"as.vector" "lm" "lmBoot" ".Call" "microbenchmark" 
"attr" "model.frame.default" "stats::model.frame" "eval" "eval" "lm" "lmBoot" ".Call" "microbenchmark" 
"as.character" "make.unique" "[.data.frame" "[" "lmBoot" ".Call" "microbenchmark" 
"any" ".deparseOpts" "deparse" "paste" "FUN" "vapply" ".getXlevels" "lm" "lmBoot" ".Call" "microbenchmark" 
"eval" "eval" "model.frame.default" "stats::model.frame" "eval" "eval" "lm" "lmBoot" ".Call" "microbenchmark" 
"[.data.frame" "[" "lmBoot" ".Call" "microbenchmark" 
"model.matrix.default" "model.matrix" "lm" "lmBoot" ".Call" "microbenchmark" 
"pmatch" ".deparseOpts" "deparse" "paste" "FUN" "vapply" "model.matrix.default" "model.matrix" "lm" "lmBoot" ".Call" "microbenchmark" 
"all" "[[.data.frame" "[[" "na.omit.data.frame" "na.omit" ".External2" "model.frame.default" "stats::model.frame" "eval" "eval" "lm" "lmBoot" ".Call" "microbenchmark" 
"<Anonymous>" "[[.data.frame" "[[" "model.frame.default" "stats::model.frame" "eval" "eval" "lm" "lmBoot" ".Call" "microbenchmark" 
"na.omit" ".External2" "model.frame.default" "stats::model.frame" "eval" "eval" "lm" "lmBoot" ".Call" "microbenchmark" 
"[.data.frame" "[" "lmBoot" ".Call" "microbenchmark" 
"makepredictcall" "model.frame.default" "stats::model.frame" "eval" "eval" "lm" "lmBoot" ".Call" "microbenchmark" 
"<Anonymous>" "[[.data.frame" "[[" "$.data.frame" "$" "model.weights" "as.vector" "lm" "lmBoot" ".Call" "microbenchmark" 
"stats::model.frame" "eval" "eval" "lm" "lmBoot" ".Call" "microbenchmark" 
"model.matrix.default" "model.matrix" "lm" "lmBoot" ".Call" "microbenchmark" 
"dim" "dim" "ncol" "model.matrix.default" "model.matrix" "lm" "lmBoot" ".Call" "microbenchmark" 
"makepredictcall" "model.frame.default" "stats::model.frame" "eval" "eval" "lm" "lmBoot" ".Call" "microbenchmark" 
".deparseOpts" "deparse" "paste" "FUN" "vapply" "model.matrix.default" "model.matrix" "lm" "lmBoot" ".Call" "microbenchmark" 
"model.frame.default" "stats::model.frame" "eval" "eval" "lm" "lmBoot" ".Call" "microbenchmark" 
"eval" "model.frame.default" "stats::model.frame" "eval" "eval" "lm" "lmBoot" ".Call" "microbenchmark" 
"t" "lmBootOptimized" ".Call" "microbenchmark" 
"as.matrix" "solve.default" "solve" "lmBootOptimized" ".Call" "microbenchmark" 
"deparse" "paste" "FUN" "vapply" ".getXlevels" "lm" "lmBoot" ".Call" "microbenchmark" 
"names" "names" "model.frame.default" "stats::model.frame" "eval" "eval" "lm" "lmBoot" ".Call" "microbenchmark" 
"[.data.frame" "[" "lmBoot" ".Call" "microbenchmark" 
"coef" "matrix" "rbind" "lmBoot" ".Call" "microbenchmark" 
"lm" "lmBoot" ".Call" "microbenchmark" 
"deparse" "paste" "FUN" "vapply" ".getXlevels" "lm" "lmBoot" ".Call" "microbenchmark" 
"%in%" "[[.data.frame" "[[" "model.frame.default" "stats::model.frame" "eval" "eval" "lm" "lmBoot" ".Call" "microbenchmark" 
"paste" "FUN" "vapply" "model.frame.default" "stats::model.frame" "eval" "eval" "lm" "lmBoot" ".Call" "microbenchmark" 
"getExportedValue" "::" "eval" "eval" "lm" "lmBoot" ".Call" "microbenchmark" 
"deparse" "paste" "FUN" "vapply" "model.frame.default" "stats::model.frame" "eval" "eval" "lm" "lmBoot" ".Call" "microbenchmark" 
"make.unique" "[.data.frame" "[" "lmBoot" ".Call" "microbenchmark" 
"[[.data.frame" "[[" "[.data.frame" "[" "na.omit.data.frame" "na.omit" ".External2" "model.frame.default" "stats::model.frame" "eval" "eval" "lm" "lmBoot" ".Call" "microbenchmark" 
"match.fun" "vapply" "model.matrix.default" "model.matrix" "lm" "lmBoot" ".Call" "microbenchmark" 
"terms" "is.empty.model" "lm" "lmBoot" ".Call" "microbenchmark" 
"vapply" "model.matrix.default" "model.matrix" "lm" "lmBoot" ".Call" "microbenchmark" 
"[[.data.frame" "[[" "[.data.frame" "[" "na.omit.data.frame" "na.omit" ".External2" "model.frame.default" "stats::model.frame" "eval" "eval" "lm" "lmBoot" ".Call" "microbenchmark" 
"%in%" "[.data.frame" "[" "na.omit.data.frame" "na.omit" ".External2" "model.frame.default" "stats::model.frame" "eval" "eval" "lm" "lmBoot" ".Call" "microbenchmark" 
"nrow" "sample.int" "sample" "[.data.frame" "[" "lmBoot" ".Call" "microbenchmark" 
"names" "names" "model.matrix.default" "model.matrix" "lm" "lmBoot" ".Call" "microbenchmark" 
"any" "model.matrix.default" "model.matrix" "lm" "lmBoot" ".Call" "microbenchmark" 
"<Anonymous>" "[[.data.frame" "[[" "[.data.frame" "[" "na.omit.data.frame" "na.omit" ".External2" "model.frame.default" "stats::model.frame" "eval" "eval" "lm" "lmBoot" ".Call" "microbenchmark" 
"[[" "model.matrix.default" "model.matrix" "lm" "lmBoot" ".Call" "microbenchmark" 
"paste" "FUN" "vapply" "model.frame.default" "stats::model.frame" "eval" "eval" "lm" "lmBoot" ".Call" "microbenchmark" 
"structure" "lm.fit" "lm" "lmBoot" ".Call" "microbenchmark" 
"vapply" "model.frame.default" "stats::model.frame" "eval" "eval" "lm" "lmBoot" ".Call" "microbenchmark" 
"lm" "lmBoot" ".Call" "microbenchmark" 
"lm" "lmBoot" ".Call" "microbenchmark" 
"make.unique" "[.data.frame" "[" "lmBoot" ".Call" "microbenchmark" 
"na.omit" ".External2" "model.frame.default" "stats::model.frame" "eval" "eval" "lm" "lmBoot" ".Call" "microbenchmark" 
"terms.formula" "terms" "model.frame.default" "stats::model.frame" "eval" "eval" "lm" "lmBoot" ".Call" "microbenchmark" 
"lm" "lmBoot" ".Call" "microbenchmark" 
"model.frame.default" "stats::model.frame" "eval" "eval" "lm" "lmBoot" ".Call" "microbenchmark" 
"model.frame.default" "stats::model.frame" "eval" "eval" "lm" "lmBoot" ".Call" "microbenchmark" 
"dim.data.frame" "dim" "dim" "nrow" "sample" "[.data.frame" "[" "lmBoot" ".Call" "microbenchmark" 
"sum" ".deparseOpts" "deparse" "paste" "FUN" "vapply" "model.matrix.default" "model.matrix" "lm" "lmBoot" ".Call" "microbenchmark" 
"%in%" ".deparseOpts" "deparse" "paste" "FUN" "vapply" "model.frame.default" "stats::model.frame" "eval" "eval" "lm" "lmBoot" ".Call" "microbenchmark" 
".row_names_info" "dim.data.frame" "dim" "dim" "nrow" "sample" "[.data.frame" "[" "lmBoot" ".Call" "microbenchmark" 
"length" "length" "dim.data.frame" "dim" "dim" "nrow" "sample.int" "sample" "[.data.frame" "[" "lmBoot" ".Call" "microbenchmark" 
"na.omit" ".External2" "model.frame.default" "stats::model.frame" "eval" "eval" "lm" "lmBoot" ".Call" "microbenchmark" 
"as.list" "vapply" "model.matrix.default" "model.matrix" "lm" "lmBoot" ".Call" "microbenchmark" 
"lm.fit" "lm" "lmBoot" ".Call" "microbenchmark" 
"stats::model.frame" "eval" "eval" "lm" "lmBoot" ".Call" "microbenchmark" 
"deparse" "paste" "FUN" "vapply" "model.frame.default" "stats::model.frame" "eval" "eval" "lm" "lmBoot" ".Call" "microbenchmark" 
"eval" "lm" "lmBoot" ".Call" "microbenchmark" 
".getXlevels" "lm" "lmBoot" ".Call" "microbenchmark" 
"names" "names" "model.matrix.default" "model.matrix" "lm" "lmBoot" ".Call" "microbenchmark" 
"mode" "model.frame.default" "stats::model.frame" "eval" "eval" "lm" "lmBoot" ".Call" "microbenchmark" 
"pmatch" ".deparseOpts" "deparse" "paste" "FUN" "vapply" ".getXlevels" "lm" "lmBoot" ".Call" "microbenchmark" 
"as.list" "lapply" ".getXlevels" "lm" "lmBoot" ".Call" "microbenchmark" 
"paste" "FUN" "vapply" "model.matrix.default" "model.matrix" "lm" "lmBoot" ".Call" "microbenchmark" 
"vapply" "model.matrix.default" "model.matrix" "lm" "lmBoot" ".Call" "microbenchmark" 
".External2" "model.matrix.default" "model.matrix" "lm" "lmBoot" ".Call" "microbenchmark" 
"[[.data.frame" "[[" "$.data.frame" "$" "model.weights" "as.vector" "lm" "lmBoot" ".Call" "microbenchmark" 
"as.list" "vapply" "model.matrix.default" "model.matrix" "lm" "lmBoot" ".Call" "microbenchmark" 
"terms" "model.frame.default" "stats::model.frame" "eval" "eval" "lm" "lmBoot" ".Call" "microbenchmark" 
"names" "names" "model.frame.default" "stats::model.frame" "eval" "eval" "lm" "lmBoot" ".Call" "microbenchmark" 
"[.data.frame" "[" "lapply" ".getXlevels" "lm" "lmBoot" ".Call" "microbenchmark" 
"<Anonymous>" "[[.data.frame" "[[" "[.data.frame" "[" "na.omit.data.frame" "na.omit" ".External2" "model.frame.default" "stats::model.frame" "eval" "eval" "lm" "lmBoot" ".Call" "microbenchmark" 
"model.matrix" "lm" "lmBoot" ".Call" "microbenchmark" 
".External" "terms.formula" "terms" "model.frame.default" "stats::model.frame" "eval" "eval" "lm" "lmBoot" ".Call" "microbenchmark" 
"lm" "lmBoot" ".Call" "microbenchmark" 
"is.function" "match.fun" "lapply" ".getXlevels" "lm" "lmBoot" ".Call" "microbenchmark" 
"deparse" "paste" "FUN" "vapply" "model.frame.default" "stats::model.frame" "eval" "eval" "lm" "lmBoot" ".Call" "microbenchmark" 
"%in%" ".deparseOpts" "deparse" "paste" "FUN" "vapply" ".getXlevels" "lm" "lmBoot" ".Call" "microbenchmark" 
"lm.fit" "lm" "lmBoot" ".Call" "microbenchmark" 
"%in%" "[[.data.frame" "[[" "na.omit.data.frame" "na.omit" ".External2" "model.frame.default" "stats::model.frame" "eval" "eval" "lm" "lmBoot" ".Call" "microbenchmark" 
"[.data.frame" "[" "lapply" ".getXlevels" "lm" "lmBoot" ".Call" "microbenchmark" 
"lm.fit" "lm" "lmBoot" ".Call" "microbenchmark" 
"sys.call" "%in%" "[[.data.frame" "[[" "model.matrix.default" "model.matrix" "lm" "lmBoot" ".Call" "microbenchmark" 
".deparseOpts" "deparse" "paste" "FUN" "vapply" "model.matrix.default" "model.matrix" "lm" "lmBoot" ".Call" "microbenchmark" 
"lm" "lmBoot" ".Call" "microbenchmark" 
"sum" ".deparseOpts" "deparse" "paste" "FUN" "vapply" "model.frame.default" "stats::model.frame" "eval" "eval" "lm" "lmBoot" ".Call" "microbenchmark" 
"[.data.frame" "[" "lmBoot" ".Call" "microbenchmark" 
"[.data.frame" "[" "na.omit.data.frame" "na.omit" ".External2" "model.frame.default" "stats::model.frame" "eval" "eval" "lm" "lmBoot" ".Call" "microbenchmark" 
"deparse" "paste" "FUN" "vapply" "model.matrix.default" "model.matrix" "lm" "lmBoot" ".Call" "microbenchmark" 
"lm" "lmBoot" ".Call" "microbenchmark" 
"%in%" "[[.data.frame" "[[" "$.data.frame" "$" "model.offset" "as.vector" "lm" "lmBoot" ".Call" "microbenchmark" 
"matrix" "rbind" "lmBoot" ".Call" "microbenchmark" 
"pmatch" ".deparseOpts" "deparse" "paste" "FUN" "vapply" "model.matrix.default" "model.matrix" "lm" "lmBoot" ".Call" "microbenchmark" 
"length" "length" "na.omit.data.frame" "na.omit" ".External2" "model.frame.default" "stats::model.frame" "eval" "eval" "lm" "lmBoot" ".Call" "microbenchmark" 
"vapply" "model.matrix.default" "model.matrix" "lm" "lmBoot" ".Call" "microbenchmark" 
"names" "names" "[.data.frame" "[" "na.omit.data.frame" "na.omit" ".External2" "model.frame.default" "stats::model.frame" "eval" "eval" "lm" "lmBoot" ".Call" "microbenchmark" 
"solve.default" "solve" "lmBootOptimized" ".Call" "microbenchmark" 
"na.omit" ".External2" "model.frame.default" "stats::model.frame" "eval" "eval" "lm" "lmBoot" ".Call" "microbenchmark" 
"$.data.frame" "$" "model.weights" "as.vector" "lm" "lmBoot" ".Call" "microbenchmark" 
".getXlevels" "lm" "lmBoot" ".Call" "microbenchmark" 
"model.matrix.default" "model.matrix" "lm" "lmBoot" ".Call" "microbenchmark" 
"[[.data.frame" "[[" "model.response" "lm" "lmBoot" ".Call" "microbenchmark" 
"[[.data.frame" "[[" "na.omit.data.frame" "na.omit" ".External2" "model.frame.default" "stats::model.frame" "eval" "eval" "lm" "lmBoot" ".Call" "microbenchmark" 
"as.list" "lapply" ".getXlevels" "lm" "lmBoot" ".Call" "microbenchmark" 
"lm.fit" "lm" "lmBoot" ".Call" "microbenchmark" 
"as.list.data.frame" "as.list" "lapply" ".getXlevels" "lm" "lmBoot" ".Call" "microbenchmark" 
"$" "model.offset" "as.vector" "lm" "lmBoot" ".Call" "microbenchmark" 
"[.data.frame" "[" "na.omit.data.frame" "na.omit" ".External2" "model.frame.default" "stats::model.frame" "eval" "eval" "lm" "lmBoot" ".Call" "microbenchmark" 
"as.list" "vapply" "model.matrix.default" "model.matrix" "lm" "lmBoot" ".Call" "microbenchmark" 
".External" "terms.formula" "terms" "model.frame.default" "stats::model.frame" "eval" "eval" "lm" "lmBoot" ".Call" "microbenchmark" 
"names" "names" "[.data.frame" "[" "lapply" ".getXlevels" "lm" "lmBoot" ".Call" "microbenchmark" 
"model.frame.default" "stats::model.frame" "eval" "eval" "lm" "lmBoot" ".Call" "microbenchmark" 
"lm.fit" "lm" "lmBoot" ".Call" "microbenchmark" 
"as.list.default" "as.list" "vapply" ".getXlevels" "lm" "lmBoot" ".Call" "microbenchmark" 
"as.list" "vapply" ".getXlevels" "lm" "lmBoot" ".Call" "microbenchmark" 
"lm.fit" "lm" "lmBoot" ".Call" "microbenchmark" 
"is.factor" "FUN" "vapply" "model.matrix.default" "model.matrix" "lm" "lmBoot" ".Call" "microbenchmark" 
".deparseOpts" "deparse" "paste" "FUN" "vapply" ".getXlevels" "lm" "lmBoot" ".Call" "microbenchmark" 
"gc" "microbenchmark" 
"gc" "microbenchmark" 
"gc" "microbenchmark" 
"solve.default" "solve" "lmBootOptimized" ".Call" "microbenchmark" 
"solve.default" "solve" "lmBootOptimized" ".Call" "microbenchmark" 
"sample.int" "sample" "lmBootOptimized" ".Call" "microbenchmark" 
"solve.default" "solve" "lmBootOptimized" ".Call" "microbenchmark" 
"system" "newPSOCKnode" "makePSOCKcluster" "makeCluster" "lmBootParallel" ".Call" "microbenchmark" 
"socketConnection" "newPSOCKnode" "makePSOCKcluster" "makeCluster" "lmBootParallel" ".Call" "microbenchmark" 
"socketConnection" "newPSOCKnode" "makePSOCKcluster" "makeCluster" "lmBootParallel" ".Call" "microbenchmark" 
"socketConnection" "newPSOCKnode" "makePSOCKcluster" "makeCluster" "lmBootParallel" ".Call" "microbenchmark" 
"socketConnection" "newPSOCKnode" "makePSOCKcluster" "makeCluster" "lmBootParallel" ".Call" "microbenchmark" 
"socketConnection" "newPSOCKnode" "makePSOCKcluster" "makeCluster" "lmBootParallel" ".Call" "microbenchmark" 
"socketConnection" "newPSOCKnode" "makePSOCKcluster" "makeCluster" "lmBootParallel" ".Call" "microbenchmark" 
"system" "newPSOCKnode" "makePSOCKcluster" "makeCluster" "lmBootParallel" ".Call" "microbenchmark" 
"socketConnection" "newPSOCKnode" "makePSOCKcluster" "makeCluster" "lmBootParallel" ".Call" "microbenchmark" 
"socketConnection" "newPSOCKnode" "makePSOCKcluster" "makeCluster" "lmBootParallel" ".Call" "microbenchmark" 
"socketConnection" "newPSOCKnode" "makePSOCKcluster" "makeCluster" "lmBootParallel" ".Call" "microbenchmark" 
"socketConnection" "newPSOCKnode" "makePSOCKcluster" "makeCluster" "lmBootParallel" ".Call" "microbenchmark" 
"socketConnection" "newPSOCKnode" "makePSOCKcluster" "makeCluster" "lmBootParallel" ".Call" "microbenchmark" 
"socketConnection" "newPSOCKnode" "makePSOCKcluster" "makeCluster" "lmBootParallel" ".Call" "microbenchmark" 
"system" "newPSOCKnode" "makePSOCKcluster" "makeCluster" "lmBootParallel" ".Call" "microbenchmark" 
"socketConnection" "newPSOCKnode" "makePSOCKcluster" "makeCluster" "lmBootParallel" ".Call" "microbenchmark" 
"socketConnection" "newPSOCKnode" "makePSOCKcluster" "makeCluster" "lmBootParallel" ".Call" "microbenchmark" 
"socketConnection" "newPSOCKnode" "makePSOCKcluster" "makeCluster" "lmBootParallel" ".Call" "microbenchmark" 
"socketConnection" "newPSOCKnode" "makePSOCKcluster" "makeCluster" "lmBootParallel" ".Call" "microbenchmark" 
"socketConnection" "newPSOCKnode" "makePSOCKcluster" "makeCluster" "lmBootParallel" ".Call" "microbenchmark" 
"socketConnection" "newPSOCKnode" "makePSOCKcluster" "makeCluster" "lmBootParallel" ".Call" "microbenchmark" 
"socketConnection" "newPSOCKnode" "makePSOCKcluster" "makeCluster" "lmBootParallel" ".Call" "microbenchmark" 
"socketConnection" "newPSOCKnode" "makePSOCKcluster" "makeCluster" "lmBootParallel" ".Call" "microbenchmark" 
"socketConnection" "newPSOCKnode" "makePSOCKcluster" "makeCluster" "lmBootParallel" ".Call" "microbenchmark" 
"socketConnection" "newPSOCKnode" "makePSOCKcluster" "makeCluster" "lmBootParallel" ".Call" "microbenchmark" 
"socketConnection" "newPSOCKnode" "makePSOCKcluster" "makeCluster" "lmBootParallel" ".Call" "microbenchmark" 
"socketConnection" "newPSOCKnode" "makePSOCKcluster" "makeCluster" "lmBootParallel" ".Call" "microbenchmark" 
"socketConnection" "newPSOCKnode" "makePSOCKcluster" "makeCluster" "lmBootParallel" ".Call" "microbenchmark" 
"socketConnection" "newPSOCKnode" "makePSOCKcluster" "makeCluster" "lmBootParallel" ".Call" "microbenchmark" 
"socketConnection" "newPSOCKnode" "makePSOCKcluster" "makeCluster" "lmBootParallel" ".Call" "microbenchmark" 
"unserialize" "recvData.SOCKnode" "recvData" "FUN" "lapply" "staticClusterApply" "clusterApply" "do.call" "parLapply" "lmBootParallel" ".Call" "microbenchmark" 
"unserialize" "recvData.SOCKnode" "recvData" "FUN" "lapply" "staticClusterApply" "clusterApply" "do.call" "parLapply" "lmBootParallel" ".Call" "microbenchmark" 
"detectCores" "lmBootParallel" ".Call" "microbenchmark" 
"socketConnection" "newPSOCKnode" "makePSOCKcluster" "makeCluster" "lmBootParallel" ".Call" "microbenchmark" 
"socketConnection" "newPSOCKnode" "makePSOCKcluster" "makeCluster" "lmBootParallel" ".Call" "microbenchmark" 
"socketConnection" "newPSOCKnode" "makePSOCKcluster" "makeCluster" "lmBootParallel" ".Call" "microbenchmark" 
"socketConnection" "newPSOCKnode" "makePSOCKcluster" "makeCluster" "lmBootParallel" ".Call" "microbenchmark" 
"socketConnection" "newPSOCKnode" "makePSOCKcluster" "makeCluster" "lmBootParallel" ".Call" "microbenchmark" 
"socketConnection" "newPSOCKnode" "makePSOCKcluster" "makeCluster" "lmBootParallel" ".Call" "microbenchmark" 
"socketConnection" "newPSOCKnode" "makePSOCKcluster" "makeCluster" "lmBootParallel" ".Call" "microbenchmark" 
"socketConnection" "newPSOCKnode" "makePSOCKcluster" "makeCluster" "lmBootParallel" ".Call" "microbenchmark" 
"system" "newPSOCKnode" "makePSOCKcluster" "makeCluster" "lmBootParallel" ".Call" "microbenchmark" 
"socketConnection" "newPSOCKnode" "makePSOCKcluster" "makeCluster" "lmBootParallel" ".Call" "microbenchmark" 
"socketConnection" "newPSOCKnode" "makePSOCKcluster" "makeCluster" "lmBootParallel" ".Call" "microbenchmark" 
"socketConnection" "newPSOCKnode" "makePSOCKcluster" "makeCluster" "lmBootParallel" ".Call" "microbenchmark" 
"socketConnection" "newPSOCKnode" "makePSOCKcluster" "makeCluster" "lmBootParallel" ".Call" "microbenchmark" 
"socketConnection" "newPSOCKnode" "makePSOCKcluster" "makeCluster" "lmBootParallel" ".Call" "microbenchmark" 
"socketConnection" "newPSOCKnode" "makePSOCKcluster" "makeCluster" "lmBootParallel" ".Call" "microbenchmark" 
"gsub" "paste0" "shQuote" "newPSOCKnode" "makePSOCKcluster" "makeCluster" "lmBootParallel" ".Call" "microbenchmark" 
"socketConnection" "newPSOCKnode" "makePSOCKcluster" "makeCluster" "lmBootParallel" ".Call" "microbenchmark" 
"socketConnection" "newPSOCKnode" "makePSOCKcluster" "makeCluster" "lmBootParallel" ".Call" "microbenchmark" 
"socketConnection" "newPSOCKnode" "makePSOCKcluster" "makeCluster" "lmBootParallel" ".Call" "microbenchmark" 
"socketConnection" "newPSOCKnode" "makePSOCKcluster" "makeCluster" "lmBootParallel" ".Call" "microbenchmark" 
"socketConnection" "newPSOCKnode" "makePSOCKcluster" "makeCluster" "lmBootParallel" ".Call" "microbenchmark" 
"socketConnection" "newPSOCKnode" "makePSOCKcluster" "makeCluster" "lmBootParallel" ".Call" "microbenchmark" 
"socketConnection" "newPSOCKnode" "makePSOCKcluster" "makeCluster" "lmBootParallel" ".Call" "microbenchmark" 
"system" "newPSOCKnode" "makePSOCKcluster" "makeCluster" "lmBootParallel" ".Call" "microbenchmark" 
"socketConnection" "newPSOCKnode" "makePSOCKcluster" "makeCluster" "lmBootParallel" ".Call" "microbenchmark" 
"socketConnection" "newPSOCKnode" "makePSOCKcluster" "makeCluster" "lmBootParallel" ".Call" "microbenchmark" 
"socketConnection" "newPSOCKnode" "makePSOCKcluster" "makeCluster" "lmBootParallel" ".Call" "microbenchmark" 
"socketConnection" "newPSOCKnode" "makePSOCKcluster" "makeCluster" "lmBootParallel" ".Call" "microbenchmark" 
"socketConnection" "newPSOCKnode" "makePSOCKcluster" "makeCluster" "lmBootParallel" ".Call" "microbenchmark" 
"socketConnection" "newPSOCKnode" "makePSOCKcluster" "makeCluster" "lmBootParallel" ".Call" "microbenchmark" 
"unserialize" "recvData.SOCKnode" "recvData" "FUN" "lapply" "staticClusterApply" "clusterApply" "do.call" "parLapply" "lmBootParallel" ".Call" "microbenchmark" 
"unserialize" "recvData.SOCKnode" "recvData" "FUN" "lapply" "staticClusterApply" "clusterApply" "do.call" "parLapply" "lmBootParallel" ".Call" "microbenchmark" 
"sample" "lmBootOptimized" ".Call" "microbenchmark" 
"sample.int" "sample" "lmBootOptimized" ".Call" "microbenchmark" 
"solve" "lmBootOptimized" ".Call" "microbenchmark" 
"solve" "lmBootOptimized" ".Call" "microbenchmark" 
"c" "lmBootOptimized" ".Call" "microbenchmark" 
"system" "newPSOCKnode" "makePSOCKcluster" "makeCluster" "lmBootParallel" ".Call" "microbenchmark" 
"socketConnection" "newPSOCKnode" "makePSOCKcluster" "makeCluster" "lmBootParallel" ".Call" "microbenchmark" 
"socketConnection" "newPSOCKnode" "makePSOCKcluster" "makeCluster" "lmBootParallel" ".Call" "microbenchmark" 
"socketConnection" "newPSOCKnode" "makePSOCKcluster" "makeCluster" "lmBootParallel" ".Call" "microbenchmark" 
"socketConnection" "newPSOCKnode" "makePSOCKcluster" "makeCluster" "lmBootParallel" ".Call" "microbenchmark" 
"socketConnection" "newPSOCKnode" "makePSOCKcluster" "makeCluster" "lmBootParallel" ".Call" "microbenchmark" 
"system" "newPSOCKnode" "makePSOCKcluster" "makeCluster" "lmBootParallel" ".Call" "microbenchmark" 
"socketConnection" "newPSOCKnode" "makePSOCKcluster" "makeCluster" "lmBootParallel" ".Call" "microbenchmark" 
"socketConnection" "newPSOCKnode" "makePSOCKcluster" "makeCluster" "lmBootParallel" ".Call" "microbenchmark" 
"socketConnection" "newPSOCKnode" "makePSOCKcluster" "makeCluster" "lmBootParallel" ".Call" "microbenchmark" 
"socketConnection" "newPSOCKnode" "makePSOCKcluster" "makeCluster" "lmBootParallel" ".Call" "microbenchmark" 
"socketConnection" "newPSOCKnode" "makePSOCKcluster" "makeCluster" "lmBootParallel" ".Call" "microbenchmark" 
"socketConnection" "newPSOCKnode" "makePSOCKcluster" "makeCluster" "lmBootParallel" ".Call" "microbenchmark" 
"socketConnection" "newPSOCKnode" "makePSOCKcluster" "makeCluster" "lmBootParallel" ".Call" "microbenchmark" 
"socketConnection" "newPSOCKnode" "makePSOCKcluster" "makeCluster" "lmBootParallel" ".Call" "microbenchmark" 
"socketConnection" "newPSOCKnode" "makePSOCKcluster" "makeCluster" "lmBootParallel" ".Call" "microbenchmark" 
"socketConnection" "newPSOCKnode" "makePSOCKcluster" "makeCluster" "lmBootParallel" ".Call" "microbenchmark" 
"socketConnection" "newPSOCKnode" "makePSOCKcluster" "makeCluster" "lmBootParallel" ".Call" "microbenchmark" 
"socketConnection" "newPSOCKnode" "makePSOCKcluster" "makeCluster" "lmBootParallel" ".Call" "microbenchmark" 
"socketConnection" "newPSOCKnode" "makePSOCKcluster" "makeCluster" "lmBootParallel" ".Call" "microbenchmark" 
"socketConnection" "newPSOCKnode" "makePSOCKcluster" "makeCluster" "lmBootParallel" ".Call" "microbenchmark" 
"system" "newPSOCKnode" "makePSOCKcluster" "makeCluster" "lmBootParallel" ".Call" "microbenchmark" 
"socketConnection" "newPSOCKnode" "makePSOCKcluster" "makeCluster" "lmBootParallel" ".Call" "microbenchmark" 
"socketConnection" "newPSOCKnode" "makePSOCKcluster" "makeCluster" "lmBootParallel" ".Call" "microbenchmark" 
"socketConnection" "newPSOCKnode" "makePSOCKcluster" "makeCluster" "lmBootParallel" ".Call" "microbenchmark" 
"socketConnection" "newPSOCKnode" "makePSOCKcluster" "makeCluster" "lmBootParallel" ".Call" "microbenchmark" 
"socketConnection" "newPSOCKnode" "makePSOCKcluster" "makeCluster" "lmBootParallel" ".Call" "microbenchmark" 
"socketConnection" "newPSOCKnode" "makePSOCKcluster" "makeCluster" "lmBootParallel" ".Call" "microbenchmark" 
"unserialize" "recvData.SOCKnode" "recvData" "FUN" "lapply" "staticClusterApply" "clusterApply" "do.call" "parLapply" "lmBootParallel" ".Call" "microbenchmark" 
"unserialize" "recvData.SOCKnode" "recvData" "FUN" "lapply" "staticClusterApply" "clusterApply" "do.call" "parLapply" "lmBootParallel" ".Call" "microbenchmark" 
"socketConnection" "newPSOCKnode" "makePSOCKcluster" "makeCluster" "lmBootParallel" ".Call" "microbenchmark" 
"socketConnection" "newPSOCKnode" "makePSOCKcluster" "makeCluster" "lmBootParallel" ".Call" "microbenchmark" 
"socketConnection" "newPSOCKnode" "makePSOCKcluster" "makeCluster" "lmBootParallel" ".Call" "microbenchmark" 
"socketConnection" "newPSOCKnode" "makePSOCKcluster" "makeCluster" "lmBootParallel" ".Call" "microbenchmark" 
"socketConnection" "newPSOCKnode" "makePSOCKcluster" "makeCluster" "lmBootParallel" ".Call" "microbenchmark" 
"socketConnection" "newPSOCKnode" "makePSOCKcluster" "makeCluster" "lmBootParallel" ".Call" "microbenchmark" 
"socketConnection" "newPSOCKnode" "makePSOCKcluster" "makeCluster" "lmBootParallel" ".Call" "microbenchmark" 
"socketConnection" "newPSOCKnode" "makePSOCKcluster" "makeCluster" "lmBootParallel" ".Call" "microbenchmark" 
"socketConnection" "newPSOCKnode" "makePSOCKcluster" "makeCluster" "lmBootParallel" ".Call" "microbenchmark" 
"socketConnection" "newPSOCKnode" "makePSOCKcluster" "makeCluster" "lmBootParallel" ".Call" "microbenchmark" 
"socketConnection" "newPSOCKnode" "makePSOCKcluster" "makeCluster" "lmBootParallel" ".Call" "microbenchmark" 
"socketConnection" "newPSOCKnode" "makePSOCKcluster" "makeCluster" "lmBootParallel" ".Call" "microbenchmark" 
"system" "newPSOCKnode" "makePSOCKcluster" "makeCluster" "lmBootParallel" ".Call" "microbenchmark" 
"socketConnection" "newPSOCKnode" "makePSOCKcluster" "makeCluster" "lmBootParallel" ".Call" "microbenchmark" 
"socketConnection" "newPSOCKnode" "makePSOCKcluster" "makeCluster" "lmBootParallel" ".Call" "microbenchmark" 
"socketConnection" "newPSOCKnode" "makePSOCKcluster" "makeCluster" "lmBootParallel" ".Call" "microbenchmark" 
"socketConnection" "newPSOCKnode" "makePSOCKcluster" "makeCluster" "lmBootParallel" ".Call" "microbenchmark" 
"socketConnection" "newPSOCKnode" "makePSOCKcluster" "makeCluster" "lmBootParallel" ".Call" "microbenchmark" 
"socketConnection" "newPSOCKnode" "makePSOCKcluster" "makeCluster" "lmBootParallel" ".Call" "microbenchmark" 
"socketConnection" "newPSOCKnode" "makePSOCKcluster" "makeCluster" "lmBootParallel" ".Call" "microbenchmark" 
"socketConnection" "newPSOCKnode" "makePSOCKcluster" "makeCluster" "lmBootParallel" ".Call" "microbenchmark" 
"socketConnection" "newPSOCKnode" "makePSOCKcluster" "makeCluster" "lmBootParallel" ".Call" "microbenchmark" 
"socketConnection" "newPSOCKnode" "makePSOCKcluster" "makeCluster" "lmBootParallel" ".Call" "microbenchmark" 
"socketConnection" "newPSOCKnode" "makePSOCKcluster" "makeCluster" "lmBootParallel" ".Call" "microbenchmark" 
"socketConnection" "newPSOCKnode" "makePSOCKcluster" "makeCluster" "lmBootParallel" ".Call" "microbenchmark" 
"socketConnection" "newPSOCKnode" "makePSOCKcluster" "makeCluster" "lmBootParallel" ".Call" "microbenchmark" 
"socketConnection" "newPSOCKnode" "makePSOCKcluster" "makeCluster" "lmBootParallel" ".Call" "microbenchmark" 
"unserialize" "recvData.SOCKnode" "recvData" "FUN" "lapply" "staticClusterApply" "clusterApply" "do.call" "parLapply" "lmBootParallel" ".Call" "microbenchmark" 
"unserialize" "recvData.SOCKnode" "recvData" "FUN" "lapply" "staticClusterApply" "clusterApply" "do.call" "parLapply" "lmBootParallel" ".Call" "microbenchmark" 
"file" "writeLines" "system" "newPSOCKnode" "makePSOCKcluster" "makeCluster" "lmBootParallel" ".Call" "microbenchmark" 
"socketConnection" "newPSOCKnode" "makePSOCKcluster" "makeCluster" "lmBootParallel" ".Call" "microbenchmark" 
"socketConnection" "newPSOCKnode" "makePSOCKcluster" "makeCluster" "lmBootParallel" ".Call" "microbenchmark" 
"socketConnection" "newPSOCKnode" "makePSOCKcluster" "makeCluster" "lmBootParallel" ".Call" "microbenchmark" 
"socketConnection" "newPSOCKnode" "makePSOCKcluster" "makeCluster" "lmBootParallel" ".Call" "microbenchmark" 
"socketConnection" "newPSOCKnode" "makePSOCKcluster" "makeCluster" "lmBootParallel" ".Call" "microbenchmark" 
"socketConnection" "newPSOCKnode" "makePSOCKcluster" "makeCluster" "lmBootParallel" ".Call" "microbenchmark" 
"system" "newPSOCKnode" "makePSOCKcluster" "makeCluster" "lmBootParallel" ".Call" "microbenchmark" 
"socketConnection" "newPSOCKnode" "makePSOCKcluster" "makeCluster" "lmBootParallel" ".Call" "microbenchmark" 
"socketConnection" "newPSOCKnode" "makePSOCKcluster" "makeCluster" "lmBootParallel" ".Call" "microbenchmark" 
"socketConnection" "newPSOCKnode" "makePSOCKcluster" "makeCluster" "lmBootParallel" ".Call" "microbenchmark" 
"socketConnection" "newPSOCKnode" "makePSOCKcluster" "makeCluster" "lmBootParallel" ".Call" "microbenchmark" 
"socketConnection" "newPSOCKnode" "makePSOCKcluster" "makeCluster" "lmBootParallel" ".Call" "microbenchmark" 
"socketConnection" "newPSOCKnode" "makePSOCKcluster" "makeCluster" "lmBootParallel" ".Call" "microbenchmark" 
"socketConnection" "newPSOCKnode" "makePSOCKcluster" "makeCluster" "lmBootParallel" ".Call" "microbenchmark" 
"socketConnection" "newPSOCKnode" "makePSOCKcluster" "makeCluster" "lmBootParallel" ".Call" "microbenchmark" 
"socketConnection" "newPSOCKnode" "makePSOCKcluster" "makeCluster" "lmBootParallel" ".Call" "microbenchmark" 
"socketConnection" "newPSOCKnode" "makePSOCKcluster" "makeCluster" "lmBootParallel" ".Call" "microbenchmark" 
"socketConnection" "newPSOCKnode" "makePSOCKcluster" "makeCluster" "lmBootParallel" ".Call" "microbenchmark" 
"socketConnection" "newPSOCKnode" "makePSOCKcluster" "makeCluster" "lmBootParallel" ".Call" "microbenchmark" 
"socketConnection" "newPSOCKnode" "makePSOCKcluster" "makeCluster" "lmBootParallel" ".Call" "microbenchmark" 
"socketConnection" "newPSOCKnode" "makePSOCKcluster" "makeCluster" "lmBootParallel" ".Call" "microbenchmark" 
"system" "newPSOCKnode" "makePSOCKcluster" "makeCluster" "lmBootParallel" ".Call" "microbenchmark" 
"socketConnection" "newPSOCKnode" "makePSOCKcluster" "makeCluster" "lmBootParallel" ".Call" "microbenchmark" 
"socketConnection" "newPSOCKnode" "makePSOCKcluster" "makeCluster" "lmBootParallel" ".Call" "microbenchmark" 
"socketConnection" "newPSOCKnode" "makePSOCKcluster" "makeCluster" "lmBootParallel" ".Call" "microbenchmark" 
"socketConnection" "newPSOCKnode" "makePSOCKcluster" "makeCluster" "lmBootParallel" ".Call" "microbenchmark" 
"socketConnection" "newPSOCKnode" "makePSOCKcluster" "makeCluster" "lmBootParallel" ".Call" "microbenchmark" 
"socketConnection" "newPSOCKnode" "makePSOCKcluster" "makeCluster" "lmBootParallel" ".Call" "microbenchmark" 
"unserialize" "recvData.SOCKnode" "recvData" "FUN" "lapply" "staticClusterApply" "clusterApply" "do.call" "parLapply" "lmBootParallel" ".Call" "microbenchmark" 
"unserialize" "recvData.SOCKnode" "recvData" "FUN" "lapply" "staticClusterApply" "clusterApply" "do.call" "parLapply" "lmBootParallel" ".Call" "microbenchmark" 
"unserialize" "recvData.SOCKnode" "recvData" "FUN" "lapply" "staticClusterApply" "clusterApply" "do.call" "parLapply" "lmBootParallel" ".Call" "microbenchmark" 
"socketConnection" "newPSOCKnode" "makePSOCKcluster" "makeCluster" "lmBootParallel" ".Call" "microbenchmark" 
"socketConnection" "newPSOCKnode" "makePSOCKcluster" "makeCluster" "lmBootParallel" ".Call" "microbenchmark" 
"socketConnection" "newPSOCKnode" "makePSOCKcluster" "makeCluster" "lmBootParallel" ".Call" "microbenchmark" 
"socketConnection" "newPSOCKnode" "makePSOCKcluster" "makeCluster" "lmBootParallel" ".Call" "microbenchmark" 
"socketConnection" "newPSOCKnode" "makePSOCKcluster" "makeCluster" "lmBootParallel" ".Call" "microbenchmark" 
"socketConnection" "newPSOCKnode" "makePSOCKcluster" "makeCluster" "lmBootParallel" ".Call" "microbenchmark" 
"socketConnection" "newPSOCKnode" "makePSOCKcluster" "makeCluster" "lmBootParallel" ".Call" "microbenchmark" 
"socketConnection" "newPSOCKnode" "makePSOCKcluster" "makeCluster" "lmBootParallel" ".Call" "microbenchmark" 
"socketConnection" "newPSOCKnode" "makePSOCKcluster" "makeCluster" "lmBootParallel" ".Call" "microbenchmark" 
"socketConnection" "newPSOCKnode" "makePSOCKcluster" "makeCluster" "lmBootParallel" ".Call" "microbenchmark" 
"socketConnection" "newPSOCKnode" "makePSOCKcluster" "makeCluster" "lmBootParallel" ".Call" "microbenchmark" 
"socketConnection" "newPSOCKnode" "makePSOCKcluster" "makeCluster" "lmBootParallel" ".Call" "microbenchmark" 
"socketConnection" "newPSOCKnode" "makePSOCKcluster" "makeCluster" "lmBootParallel" ".Call" "microbenchmark" 
"socketConnection" "newPSOCKnode" "makePSOCKcluster" "makeCluster" "lmBootParallel" ".Call" "microbenchmark" 
"socketConnection" "newPSOCKnode" "makePSOCKcluster" "makeCluster" "lmBootParallel" ".Call" "microbenchmark" 
"socketConnection" "newPSOCKnode" "makePSOCKcluster" "makeCluster" "lmBootParallel" ".Call" "microbenchmark" 
"socketConnection" "newPSOCKnode" "makePSOCKcluster" "makeCluster" "lmBootParallel" ".Call" "microbenchmark" 
"socketConnection" "newPSOCKnode" "makePSOCKcluster" "makeCluster" "lmBootParallel" ".Call" "microbenchmark" 
"socketConnection" "newPSOCKnode" "makePSOCKcluster" "makeCluster" "lmBootParallel" ".Call" "microbenchmark" 
"system" "newPSOCKnode" "makePSOCKcluster" "makeCluster" "lmBootParallel" ".Call" "microbenchmark" 
"socketConnection" "newPSOCKnode" "makePSOCKcluster" "makeCluster" "lmBootParallel" ".Call" "microbenchmark" 
"socketConnection" "newPSOCKnode" "makePSOCKcluster" "makeCluster" "lmBootParallel" ".Call" "microbenchmark" 
"socketConnection" "newPSOCKnode" "makePSOCKcluster" "makeCluster" "lmBootParallel" ".Call" "microbenchmark" 
"socketConnection" "newPSOCKnode" "makePSOCKcluster" "makeCluster" "lmBootParallel" ".Call" "microbenchmark" 
"socketConnection" "newPSOCKnode" "makePSOCKcluster" "makeCluster" "lmBootParallel" ".Call" "microbenchmark" 
"socketConnection" "newPSOCKnode" "makePSOCKcluster" "makeCluster" "lmBootParallel" ".Call" "microbenchmark" 
"unserialize" "recvData.SOCKnode" "recvData" "FUN" "lapply" "staticClusterApply" "clusterApply" "do.call" "parLapply" "lmBootParallel" ".Call" "microbenchmark" 
"unserialize" "recvData.SOCKnode" "recvData" "FUN" "lapply" "staticClusterApply" "clusterApply" "do.call" "parLapply" "lmBootParallel" ".Call" "microbenchmark" 
"system" "newPSOCKnode" "makePSOCKcluster" "makeCluster" "lmBootParallel" ".Call" "microbenchmark" 
"socketConnection" "newPSOCKnode" "makePSOCKcluster" "makeCluster" "lmBootParallel" ".Call" "microbenchmark" 
"socketConnection" "newPSOCKnode" "makePSOCKcluster" "makeCluster" "lmBootParallel" ".Call" "microbenchmark" 
"socketConnection" "newPSOCKnode" "makePSOCKcluster" "makeCluster" "lmBootParallel" ".Call" "microbenchmark" 
"socketConnection" "newPSOCKnode" "makePSOCKcluster" "makeCluster" "lmBootParallel" ".Call" "microbenchmark" 
"socketConnection" "newPSOCKnode" "makePSOCKcluster" "makeCluster" "lmBootParallel" ".Call" "microbenchmark" 
"socketConnection" "newPSOCKnode" "makePSOCKcluster" "makeCluster" "lmBootParallel" ".Call" "microbenchmark" 
"socketConnection" "newPSOCKnode" "makePSOCKcluster" "makeCluster" "lmBootParallel" ".Call" "microbenchmark" 
"socketConnection" "newPSOCKnode" "makePSOCKcluster" "makeCluster" "lmBootParallel" ".Call" "microbenchmark" 
"socketConnection" "newPSOCKnode" "makePSOCKcluster" "makeCluster" "lmBootParallel" ".Call" "microbenchmark" 
"socketConnection" "newPSOCKnode" "makePSOCKcluster" "makeCluster" "lmBootParallel" ".Call" "microbenchmark" 
"socketConnection" "newPSOCKnode" "makePSOCKcluster" "makeCluster" "lmBootParallel" ".Call" "microbenchmark" 
"socketConnection" "newPSOCKnode" "makePSOCKcluster" "makeCluster" "lmBootParallel" ".Call" "microbenchmark" 
"socketConnection" "newPSOCKnode" "makePSOCKcluster" "makeCluster" "lmBootParallel" ".Call" "microbenchmark" 
"system" "newPSOCKnode" "makePSOCKcluster" "makeCluster" "lmBootParallel" ".Call" "microbenchmark" 
"socketConnection" "newPSOCKnode" "makePSOCKcluster" "makeCluster" "lmBootParallel" ".Call" "microbenchmark" 
"socketConnection" "newPSOCKnode" "makePSOCKcluster" "makeCluster" "lmBootParallel" ".Call" "microbenchmark" 
"socketConnection" "newPSOCKnode" "makePSOCKcluster" "makeCluster" "lmBootParallel" ".Call" "microbenchmark" 
"socketConnection" "newPSOCKnode" "makePSOCKcluster" "makeCluster" "lmBootParallel" ".Call" "microbenchmark" 
"socketConnection" "newPSOCKnode" "makePSOCKcluster" "makeCluster" "lmBootParallel" ".Call" "microbenchmark" 
"socketConnection" "newPSOCKnode" "makePSOCKcluster" "makeCluster" "lmBootParallel" ".Call" "microbenchmark" 
"system" "newPSOCKnode" "makePSOCKcluster" "makeCluster" "lmBootParallel" ".Call" "microbenchmark" 
"socketConnection" "newPSOCKnode" "makePSOCKcluster" "makeCluster" "lmBootParallel" ".Call" "microbenchmark" 
"socketConnection" "newPSOCKnode" "makePSOCKcluster" "makeCluster" "lmBootParallel" ".Call" "microbenchmark" 
"socketConnection" "newPSOCKnode" "makePSOCKcluster" "makeCluster" "lmBootParallel" ".Call" "microbenchmark" 
"socketConnection" "newPSOCKnode" "makePSOCKcluster" "makeCluster" "lmBootParallel" ".Call" "microbenchmark" 
"socketConnection" "newPSOCKnode" "makePSOCKcluster" "makeCluster" "lmBootParallel" ".Call" "microbenchmark" 
"socketConnection" "newPSOCKnode" "makePSOCKcluster" "makeCluster" "lmBootParallel" ".Call" "microbenchmark" 
"unserialize" "recvData.SOCKnode" "recvData" "FUN" "lapply" "staticClusterApply" "clusterApply" "do.call" "parLapply" "lmBootParallel" ".Call" "microbenchmark" 
"unserialize" "recvData.SOCKnode" "recvData" "FUN" "lapply" "staticClusterApply" "clusterApply" "do.call" "parLapply" "lmBootParallel" ".Call" "microbenchmark" 
"system" "newPSOCKnode" "makePSOCKcluster" "makeCluster" "lmBootParallel" ".Call" "microbenchmark" 
"socketConnection" "newPSOCKnode" "makePSOCKcluster" "makeCluster" "lmBootParallel" ".Call" "microbenchmark" 
"socketConnection" "newPSOCKnode" "makePSOCKcluster" "makeCluster" "lmBootParallel" ".Call" "microbenchmark" 
"socketConnection" "newPSOCKnode" "makePSOCKcluster" "makeCluster" "lmBootParallel" ".Call" "microbenchmark" 
"socketConnection" "newPSOCKnode" "makePSOCKcluster" "makeCluster" "lmBootParallel" ".Call" "microbenchmark" 
"socketConnection" "newPSOCKnode" "makePSOCKcluster" "makeCluster" "lmBootParallel" ".Call" "microbenchmark" 
"socketConnection" "newPSOCKnode" "makePSOCKcluster" "makeCluster" "lmBootParallel" ".Call" "microbenchmark" 
"system" "newPSOCKnode" "makePSOCKcluster" "makeCluster" "lmBootParallel" ".Call" "microbenchmark" 
"socketConnection" "newPSOCKnode" "makePSOCKcluster" "makeCluster" "lmBootParallel" ".Call" "microbenchmark" 
"socketConnection" "newPSOCKnode" "makePSOCKcluster" "makeCluster" "lmBootParallel" ".Call" "microbenchmark" 
"socketConnection" "newPSOCKnode" "makePSOCKcluster" "makeCluster" "lmBootParallel" ".Call" "microbenchmark" 
"socketConnection" "newPSOCKnode" "makePSOCKcluster" "makeCluster" "lmBootParallel" ".Call" "microbenchmark" 
"socketConnection" "newPSOCKnode" "makePSOCKcluster" "makeCluster" "lmBootParallel" ".Call" "microbenchmark" 
"socketConnection" "newPSOCKnode" "makePSOCKcluster" "makeCluster" "lmBootParallel" ".Call" "microbenchmark" 
"system" "newPSOCKnode" "makePSOCKcluster" "makeCluster" "lmBootParallel" ".Call" "microbenchmark" 
"socketConnection" "newPSOCKnode" "makePSOCKcluster" "makeCluster" "lmBootParallel" ".Call" "microbenchmark" 
"socketConnection" "newPSOCKnode" "makePSOCKcluster" "makeCluster" "lmBootParallel" ".Call" "microbenchmark" 
"socketConnection" "newPSOCKnode" "makePSOCKcluster" "makeCluster" "lmBootParallel" ".Call" "microbenchmark" 
"socketConnection" "newPSOCKnode" "makePSOCKcluster" "makeCluster" "lmBootParallel" ".Call" "microbenchmark" 
"socketConnection" "newPSOCKnode" "makePSOCKcluster" "makeCluster" "lmBootParallel" ".Call" "microbenchmark" 
"socketConnection" "newPSOCKnode" "makePSOCKcluster" "makeCluster" "lmBootParallel" ".Call" "microbenchmark" 
"socketConnection" "newPSOCKnode" "makePSOCKcluster" "makeCluster" "lmBootParallel" ".Call" "microbenchmark" 
"socketConnection" "newPSOCKnode" "makePSOCKcluster" "makeCluster" "lmBootParallel" ".Call" "microbenchmark" 
"socketConnection" "newPSOCKnode" "makePSOCKcluster" "makeCluster" "lmBootParallel" ".Call" "microbenchmark" 
"socketConnection" "newPSOCKnode" "makePSOCKcluster" "makeCluster" "lmBootParallel" ".Call" "microbenchmark" 
"socketConnection" "newPSOCKnode" "makePSOCKcluster" "makeCluster" "lmBootParallel" ".Call" "microbenchmark" 
"socketConnection" "newPSOCKnode" "makePSOCKcluster" "makeCluster" "lmBootParallel" ".Call" "microbenchmark" 
"socketConnection" "newPSOCKnode" "makePSOCKcluster" "makeCluster" "lmBootParallel" ".Call" "microbenchmark" 
"socketConnection" "newPSOCKnode" "makePSOCKcluster" "makeCluster" "lmBootParallel" ".Call" "microbenchmark" 
"socketConnection" "newPSOCKnode" "makePSOCKcluster" "makeCluster" "lmBootParallel" ".Call" "microbenchmark" 
"unserialize" "recvData.SOCKnode" "recvData" "FUN" "lapply" "staticClusterApply" "clusterApply" "do.call" "parLapply" "lmBootParallel" ".Call" "microbenchmark" 
"unserialize" "recvData.SOCKnode" "recvData" "FUN" "lapply" "staticClusterApply" "clusterApply" "do.call" "parLapply" "lmBootParallel" ".Call" "microbenchmark" 
"as.matrix" "solve.default" "solve" "lmBootOptimized" ".Call" "microbenchmark" 
"lmBootOptimized" ".Call" "microbenchmark" 
"socketConnection" "newPSOCKnode" "makePSOCKcluster" "makeCluster" "lmBootParallel" ".Call" "microbenchmark" 
"socketConnection" "newPSOCKnode" "makePSOCKcluster" "makeCluster" "lmBootParallel" ".Call" "microbenchmark" 
"socketConnection" "newPSOCKnode" "makePSOCKcluster" "makeCluster" "lmBootParallel" ".Call" "microbenchmark" 
"socketConnection" "newPSOCKnode" "makePSOCKcluster" "makeCluster" "lmBootParallel" ".Call" "microbenchmark" 
"socketConnection" "newPSOCKnode" "makePSOCKcluster" "makeCluster" "lmBootParallel" ".Call" "microbenchmark" 
"socketConnection" "newPSOCKnode" "makePSOCKcluster" "makeCluster" "lmBootParallel" ".Call" "microbenchmark" 
"socketConnection" "newPSOCKnode" "makePSOCKcluster" "makeCluster" "lmBootParallel" ".Call" "microbenchmark" 
"system" "newPSOCKnode" "makePSOCKcluster" "makeCluster" "lmBootParallel" ".Call" "microbenchmark" 
"socketConnection" "newPSOCKnode" "makePSOCKcluster" "makeCluster" "lmBootParallel" ".Call" "microbenchmark" 
"socketConnection" "newPSOCKnode" "makePSOCKcluster" "makeCluster" "lmBootParallel" ".Call" "microbenchmark" 
"socketConnection" "newPSOCKnode" "makePSOCKcluster" "makeCluster" "lmBootParallel" ".Call" "microbenchmark" 
"socketConnection" "newPSOCKnode" "makePSOCKcluster" "makeCluster" "lmBootParallel" ".Call" "microbenchmark" 
"socketConnection" "newPSOCKnode" "makePSOCKcluster" "makeCluster" "lmBootParallel" ".Call" "microbenchmark" 
"socketConnection" "newPSOCKnode" "makePSOCKcluster" "makeCluster" "lmBootParallel" ".Call" "microbenchmark" 
"socketConnection" "newPSOCKnode" "makePSOCKcluster" "makeCluster" "lmBootParallel" ".Call" "microbenchmark" 
"socketConnection" "newPSOCKnode" "makePSOCKcluster" "makeCluster" "lmBootParallel" ".Call" "microbenchmark" 
"socketConnection" "newPSOCKnode" "makePSOCKcluster" "makeCluster" "lmBootParallel" ".Call" "microbenchmark" 
"socketConnection" "newPSOCKnode" "makePSOCKcluster" "makeCluster" "lmBootParallel" ".Call" "microbenchmark" 
"socketConnection" "newPSOCKnode" "makePSOCKcluster" "makeCluster" "lmBootParallel" ".Call" "microbenchmark" 
"socketConnection" "newPSOCKnode" "makePSOCKcluster" "makeCluster" "lmBootParallel" ".Call" "microbenchmark" 
"socketConnection" "newPSOCKnode" "makePSOCKcluster" "makeCluster" "lmBootParallel" ".Call" "microbenchmark" 
"socketConnection" "newPSOCKnode" "makePSOCKcluster" "makeCluster" "lmBootParallel" ".Call" "microbenchmark" 
"socketConnection" "newPSOCKnode" "makePSOCKcluster" "makeCluster" "lmBootParallel" ".Call" "microbenchmark" 
"socketConnection" "newPSOCKnode" "makePSOCKcluster" "makeCluster" "lmBootParallel" ".Call" "microbenchmark" 
"system" "newPSOCKnode" "makePSOCKcluster" "makeCluster" "lmBootParallel" ".Call" "microbenchmark" 
"socketConnection" "newPSOCKnode" "makePSOCKcluster" "makeCluster" "lmBootParallel" ".Call" "microbenchmark" 
"socketConnection" "newPSOCKnode" "makePSOCKcluster" "makeCluster" "lmBootParallel" ".Call" "microbenchmark" 
"socketConnection" "newPSOCKnode" "makePSOCKcluster" "makeCluster" "lmBootParallel" ".Call" "microbenchmark" 
"socketConnection" "newPSOCKnode" "makePSOCKcluster" "makeCluster" "lmBootParallel" ".Call" "microbenchmark" 
"socketConnection" "newPSOCKnode" "makePSOCKcluster" "makeCluster" "lmBootParallel" ".Call" "microbenchmark" 
"socketConnection" "newPSOCKnode" "makePSOCKcluster" "makeCluster" "lmBootParallel" ".Call" "microbenchmark" 
"socketConnection" "newPSOCKnode" "makePSOCKcluster" "makeCluster" "lmBootParallel" ".Call" "microbenchmark" 
"unserialize" "recvData.SOCKnode" "recvData" "FUN" "lapply" "staticClusterApply" "clusterApply" "do.call" "parLapply" "lmBootParallel" ".Call" "microbenchmark" 
"unserialize" "recvData.SOCKnode" "recvData" "FUN" "lapply" "staticClusterApply" "clusterApply" "do.call" "parLapply" "lmBootParallel" ".Call" "microbenchmark" 
"sample" "lmBootOptimized" ".Call" "microbenchmark" 
"as.matrix" "solve.default" "solve" "lmBootOptimized" ".Call" "microbenchmark" 
"sample" "lmBootOptimized" ".Call" "microbenchmark" 
"t" "lmBootOptimized" ".Call" "microbenchmark" 
"socketConnection" "newPSOCKnode" "makePSOCKcluster" "makeCluster" "lmBootParallel" ".Call" "microbenchmark" 
"socketConnection" "newPSOCKnode" "makePSOCKcluster" "makeCluster" "lmBootParallel" ".Call" "microbenchmark" 
"socketConnection" "newPSOCKnode" "makePSOCKcluster" "makeCluster" "lmBootParallel" ".Call" "microbenchmark" 
"socketConnection" "newPSOCKnode" "makePSOCKcluster" "makeCluster" "lmBootParallel" ".Call" "microbenchmark" 
"socketConnection" "newPSOCKnode" "makePSOCKcluster" "makeCluster" "lmBootParallel" ".Call" "microbenchmark" 
"socketConnection" "newPSOCKnode" "makePSOCKcluster" "makeCluster" "lmBootParallel" ".Call" "microbenchmark" 
"socketConnection" "newPSOCKnode" "makePSOCKcluster" "makeCluster" "lmBootParallel" ".Call" "microbenchmark" 
"socketConnection" "newPSOCKnode" "makePSOCKcluster" "makeCluster" "lmBootParallel" ".Call" "microbenchmark" 
"socketConnection" "newPSOCKnode" "makePSOCKcluster" "makeCluster" "lmBootParallel" ".Call" "microbenchmark" 
"socketConnection" "newPSOCKnode" "makePSOCKcluster" "makeCluster" "lmBootParallel" ".Call" "microbenchmark" 
"socketConnection" "newPSOCKnode" "makePSOCKcluster" "makeCluster" "lmBootParallel" ".Call" "microbenchmark" 
"socketConnection" "newPSOCKnode" "makePSOCKcluster" "makeCluster" "lmBootParallel" ".Call" "microbenchmark" 
"socketConnection" "newPSOCKnode" "makePSOCKcluster" "makeCluster" "lmBootParallel" ".Call" "microbenchmark" 
"socketConnection" "newPSOCKnode" "makePSOCKcluster" "makeCluster" "lmBootParallel" ".Call" "microbenchmark" 
"system" "newPSOCKnode" "makePSOCKcluster" "makeCluster" "lmBootParallel" ".Call" "microbenchmark" 
"socketConnection" "newPSOCKnode" "makePSOCKcluster" "makeCluster" "lmBootParallel" ".Call" "microbenchmark" 
"socketConnection" "newPSOCKnode" "makePSOCKcluster" "makeCluster" "lmBootParallel" ".Call" "microbenchmark" 
"socketConnection" "newPSOCKnode" "makePSOCKcluster" "makeCluster" "lmBootParallel" ".Call" "microbenchmark" 
"socketConnection" "newPSOCKnode" "makePSOCKcluster" "makeCluster" "lmBootParallel" ".Call" "microbenchmark" 
"socketConnection" "newPSOCKnode" "makePSOCKcluster" "makeCluster" "lmBootParallel" ".Call" "microbenchmark" 
"socketConnection" "newPSOCKnode" "makePSOCKcluster" "makeCluster" "lmBootParallel" ".Call" "microbenchmark" 
"socketConnection" "newPSOCKnode" "makePSOCKcluster" "makeCluster" "lmBootParallel" ".Call" "microbenchmark" 
"socketConnection" "newPSOCKnode" "makePSOCKcluster" "makeCluster" "lmBootParallel" ".Call" "microbenchmark" 
"socketConnection" "newPSOCKnode" "makePSOCKcluster" "makeCluster" "lmBootParallel" ".Call" "microbenchmark" 
"socketConnection" "newPSOCKnode" "makePSOCKcluster" "makeCluster" "lmBootParallel" ".Call" "microbenchmark" 
"socketConnection" "newPSOCKnode" "makePSOCKcluster" "makeCluster" "lmBootParallel" ".Call" "microbenchmark" 
"socketConnection" "newPSOCKnode" "makePSOCKcluster" "makeCluster" "lmBootParallel" ".Call" "microbenchmark" 
"socketConnection" "newPSOCKnode" "makePSOCKcluster" "makeCluster" "lmBootParallel" ".Call" "microbenchmark" 
"unserialize" "recvData.SOCKnode" "recvData" "FUN" "lapply" "staticClusterApply" "clusterApply" "do.call" "parLapply" "lmBootParallel" ".Call" "microbenchmark" 
"unserialize" "recvData.SOCKnode" "recvData" "FUN" "lapply" "staticClusterApply" "clusterApply" "do.call" "parLapply" "lmBootParallel" ".Call" "microbenchmark" 
"%*%" "solve" "lmBootOptimized" ".Call" "microbenchmark" 
"solve" "lmBootOptimized" ".Call" "microbenchmark" 
"is.data.frame" "colnames<-" "solve.default" "solve" "lmBootOptimized" ".Call" "microbenchmark" 
"gc" "profvis" 
"gc" "profvis" 
